<?xml version="1.0" encoding="UTF-8"?>
<!-- Generated by org.testng.reporters.JUnitXMLReporter -->
<testsuite ignored="0" hostname="Abhay-PC" failures="0" tests="7" name="Accordion_test" time="17.695" errors="0" timestamp="2024-03-16T21:51:16 IST">
  <testcase classname="testingbaba_test.Accordion_test" name="clickonclosebutton" time="0.104"/>
  <testcase classname="testingbaba_test.Accordion_test" name="clickonpracticebutton" time="1.756"/>
  <testcase classname="testingbaba_test.Accordion_test" name="clickonwidgetsbutton" time="1.065"/>
  <testcase classname="testingbaba_test.Accordion_test" name="clickonaccordionbutton" time="0.068"/>
  <testcase classname="testingbaba_test.Accordion_test" name="clickonparagraph1" time="0.035"/>
  <testcase classname="testingbaba_test.Accordion_test" name="clickonparagraph2" time="1.112"/>
  <testcase classname="testingbaba_test.Accordion_test" name="clickonparagraph3" time="1.116"/>
</testsuite> <!-- Accordion_test -->
