<?xml version="1.0" encoding="UTF-8"?>
<!-- Generated by org.testng.reporters.JUnitXMLReporter -->
<testsuite ignored="0" hostname="Abhay-PC" failures="0" tests="7" name="Accordion_test" time="14.262" errors="0" timestamp="2024-03-15T11:34:11 IST">
  <testcase classname="testingbaba_test.Accordion_test" name="clickonclosebutton" time="0.103"/>
  <testcase classname="testingbaba_test.Accordion_test" name="clickonpracticebutton" time="1.589"/>
  <testcase classname="testingbaba_test.Accordion_test" name="clickonwidgetsbutton" time="1.108"/>
  <testcase classname="testingbaba_test.Accordion_test" name="clickonaccordionbutton" time="0.058"/>
  <testcase classname="testingbaba_test.Accordion_test" name="clickonparagraph1" time="0.031"/>
  <testcase classname="testingbaba_test.Accordion_test" name="clickonparagraph2" time="1.122"/>
  <testcase classname="testingbaba_test.Accordion_test" name="clickonparagraph3" time="1.148"/>
</testsuite> <!-- Accordion_test -->
