<?xml version="1.0" encoding="UTF-8"?>
<!-- Generated by org.testng.reporters.JUnitXMLReporter -->
<testsuite ignored="0" hostname="Abhay-PC" failures="0" tests="8" name="Alerts_test" time="30.085" errors="0" timestamp="2024-03-16T21:50:11 IST">
  <testcase classname="testingbaba_test.Alerts_test" name="clickonclosebutton" time="0.072"/>
  <testcase classname="testingbaba_test.Alerts_test" name="clickonpracticebutton" time="2.062"/>
  <testcase classname="testingbaba_test.Alerts_test" name="clickonalertsframeandwindow" time="0.101"/>
  <testcase classname="testingbaba_test.Alerts_test" name="clickonalertsbutton" time="0.075"/>
  <testcase classname="testingbaba_test.Alerts_test" name="clickonseealertbutton" time="0.085"/>
  <testcase classname="testingbaba_test.Alerts_test" name="clickonafter5secondbutton" time="5.098"/>
  <testcase classname="testingbaba_test.Alerts_test" name="clickonconfirmboxbutton" time="0.087"/>
  <testcase classname="testingbaba_test.Alerts_test" name="clickonpromptboxbutton" time="0.105"/>
</testsuite> <!-- Alerts_test -->
