<?xml version="1.0" encoding="UTF-8"?>
<!-- Generated by org.testng.reporters.JUnitXMLReporter -->
<testsuite ignored="0" hostname="Abhay-PC" failures="0" tests="8" name="Alerts_test" time="17.746" errors="0" timestamp="2024-03-15T11:33:05 IST">
  <testcase classname="testingbaba_test.Alerts_test" name="clickonclosebutton" time="0.101"/>
  <testcase classname="testingbaba_test.Alerts_test" name="clickonpracticebutton" time="1.6"/>
  <testcase classname="testingbaba_test.Alerts_test" name="clickonalertsframeandwindow" time="0.121"/>
  <testcase classname="testingbaba_test.Alerts_test" name="clickonalertsbutton" time="0.121"/>
  <testcase classname="testingbaba_test.Alerts_test" name="clickonseealertbutton" time="0.166"/>
  <testcase classname="testingbaba_test.Alerts_test" name="clickonafter5secondbutton" time="5.186"/>
  <testcase classname="testingbaba_test.Alerts_test" name="clickonconfirmboxbutton" time="0.166"/>
  <testcase classname="testingbaba_test.Alerts_test" name="clickonpromptboxbutton" time="0.143"/>
</testsuite> <!-- Alerts_test -->
