<?xml version="1.0" encoding="UTF-8"?>
<!-- Generated by org.testng.reporters.JUnitXMLReporter -->
<testsuite ignored="0" hostname="Abhay-PC" failures="0" tests="5" name="AutoComplete_test" time="15.166" errors="0" timestamp="2024-03-15T11:34:26 IST">
  <testcase classname="testingbaba_test.AutoComplete_test" name="clickonclosebutton" time="0.09"/>
  <testcase classname="testingbaba_test.AutoComplete_test" name="clickonpracticebutton" time="1.722"/>
  <testcase classname="testingbaba_test.AutoComplete_test" name="clickonwidgetsbutton" time="1.081"/>
  <testcase classname="testingbaba_test.AutoComplete_test" name="clickonautocompletebutton" time="0.067"/>
  <testcase classname="testingbaba_test.AutoComplete_test" name="searchinsearchbox" time="0.222"/>
</testsuite> <!-- AutoComplete_test -->
