<?xml version="1.0" encoding="UTF-8"?>
<!-- Generated by org.testng.reporters.JUnitXMLReporter -->
<testsuite ignored="0" hostname="Abhay-PC" failures="0" tests="5" name="AutoComplete_test" time="11.483" errors="0" timestamp="2024-03-16T21:51:27 IST">
  <testcase classname="testingbaba_test.AutoComplete_test" name="clickonclosebutton" time="0.077"/>
  <testcase classname="testingbaba_test.AutoComplete_test" name="clickonpracticebutton" time="1.538"/>
  <testcase classname="testingbaba_test.AutoComplete_test" name="clickonwidgetsbutton" time="1.074"/>
  <testcase classname="testingbaba_test.AutoComplete_test" name="clickonautocompletebutton" time="0.107"/>
  <testcase classname="testingbaba_test.AutoComplete_test" name="searchinsearchbox" time="0.267"/>
</testsuite> <!-- AutoComplete_test -->
