<?xml version="1.0" encoding="UTF-8"?>
<!-- Generated by org.testng.reporters.JUnitXMLReporter -->
<testsuite ignored="0" hostname="Abhay-PC" failures="0" tests="7" name="BrowserWindow_test" time="15.407" errors="0" timestamp="2024-03-16T21:49:41 IST">
  <testcase classname="testingbaba_test.BrowserWindow_test" name="clickonclosebutton" time="0.073"/>
  <testcase classname="testingbaba_test.BrowserWindow_test" name="clickonpracticebutton" time="1.695"/>
  <testcase classname="testingbaba_test.BrowserWindow_test" name="clickonalertsframeandwindow" time="0.072"/>
  <testcase classname="testingbaba_test.BrowserWindow_test" name="clickonbrowserwindowsbutton" time="0.062"/>
  <testcase classname="testingbaba_test.BrowserWindow_test" name="clickonnewtabbutton" time="1.659"/>
  <testcase classname="testingbaba_test.BrowserWindow_test" name="clickonnewwindowbutton" time="1.147"/>
  <testcase classname="testingbaba_test.BrowserWindow_test" name="clickonnewwindowmessagebutton" time="1.224"/>
</testsuite> <!-- BrowserWindow_test -->
