<?xml version="1.0" encoding="UTF-8"?>
<!-- Generated by org.testng.reporters.JUnitXMLReporter -->
<testsuite ignored="0" hostname="Abhay-PC" failures="0" tests="7" name="BrowserWindow_test" time="17.385" errors="0" timestamp="2024-03-15T16:05:03 IST">
  <testcase classname="testingbaba_test.BrowserWindow_test" name="clickonclosebutton" time="0.17"/>
  <testcase classname="testingbaba_test.BrowserWindow_test" name="clickonpracticebutton" time="1.748"/>
  <testcase classname="testingbaba_test.BrowserWindow_test" name="clickonalertsframeandwindow" time="0.154"/>
  <testcase classname="testingbaba_test.BrowserWindow_test" name="clickonbrowserwindowsbutton" time="0.166"/>
  <testcase classname="testingbaba_test.BrowserWindow_test" name="clickonnewtabbutton" time="1.872"/>
  <testcase classname="testingbaba_test.BrowserWindow_test" name="clickonnewwindowbutton" time="1.725"/>
  <testcase classname="testingbaba_test.BrowserWindow_test" name="clickonnewwindowmessagebutton" time="1.291"/>
</testsuite> <!-- BrowserWindow_test -->
