<?xml version="1.0" encoding="UTF-8"?>
<!-- Generated by org.testng.reporters.JUnitXMLReporter -->
<testsuite ignored="0" hostname="Abhay-PC" failures="0" tests="7" name="Buttons_test" time="12.859" errors="0" timestamp="2024-03-15T11:32:26 IST">
  <testcase classname="testingbaba_test.Buttons_test" name="clickonclosebutton" time="0.13"/>
  <testcase classname="testingbaba_test.Buttons_test" name="clickonpractice" time="1.768"/>
  <testcase classname="testingbaba_test.Buttons_test" name="clickonelement" time="1.155"/>
  <testcase classname="testingbaba_test.Buttons_test" name="clickonbuttonsbutton" time="0.147"/>
  <testcase classname="testingbaba_test.Buttons_test" name="clickondoubleclickbutton" time="0.281"/>
  <testcase classname="testingbaba_test.Buttons_test" name="clickonrightclickbutton" time="0.267"/>
  <testcase classname="testingbaba_test.Buttons_test" name="clickonclickmebutton" time="0.144"/>
</testsuite> <!-- Buttons_test -->
