<?xml version="1.0" encoding="UTF-8"?>
<!-- Generated by org.testng.reporters.JUnitXMLReporter -->
<testsuite ignored="0" hostname="Abhay-PC" failures="0" tests="7" name="Buttons_test" time="13.946" errors="0" timestamp="2024-03-16T21:49:00 IST">
  <testcase classname="testingbaba_test.Buttons_test" name="clickonclosebutton" time="0.088"/>
  <testcase classname="testingbaba_test.Buttons_test" name="clickonpractice" time="1.576"/>
  <testcase classname="testingbaba_test.Buttons_test" name="clickonelement" time="1.108"/>
  <testcase classname="testingbaba_test.Buttons_test" name="clickonbuttonsbutton" time="0.064"/>
  <testcase classname="testingbaba_test.Buttons_test" name="clickondoubleclickbutton" time="0.224"/>
  <testcase classname="testingbaba_test.Buttons_test" name="clickonrightclickbutton" time="0.202"/>
  <testcase classname="testingbaba_test.Buttons_test" name="clickonclickmebutton" time="0.091"/>
</testsuite> <!-- Buttons_test -->
