<?xml version="1.0" encoding="UTF-8"?>
<!-- Generated by org.testng.reporters.JUnitXMLReporter -->
<testsuite ignored="0" hostname="Abhay-PC" failures="0" tests="7" name="CheckBox_test" time="13.74" errors="0" timestamp="2024-03-15T11:31:57 IST">
  <testcase classname="testingbaba_test.CheckBox_test" name="clickonclosebutton" time="0.12"/>
  <testcase classname="testingbaba_test.CheckBox_test" name="clickonpractice" time="1.58"/>
  <testcase classname="testingbaba_test.CheckBox_test" name="clickonelement" time="0.149"/>
  <testcase classname="testingbaba_test.CheckBox_test" name="clickoncheckboxbutton" time="0.137"/>
  <testcase classname="testingbaba_test.CheckBox_test" name="clickonmobilebutton" time="1.863"/>
  <testcase classname="testingbaba_test.CheckBox_test" name="clickonlaptopbutton" time="0.352"/>
  <testcase classname="testingbaba_test.CheckBox_test" name="clickondesktopbutton" time="0.353"/>
</testsuite> <!-- CheckBox_test -->
