<?xml version="1.0" encoding="UTF-8"?>
<!-- Generated by org.testng.reporters.JUnitXMLReporter -->
<testsuite ignored="0" hostname="Abhay-PC" failures="0" tests="7" name="CheckBox_test" time="18.003" errors="0" timestamp="2024-03-16T21:48:12 IST">
  <testcase classname="testingbaba_test.CheckBox_test" name="clickonclosebutton" time="0.087"/>
  <testcase classname="testingbaba_test.CheckBox_test" name="clickonpractice" time="2.295"/>
  <testcase classname="testingbaba_test.CheckBox_test" name="clickonelement" time="0.097"/>
  <testcase classname="testingbaba_test.CheckBox_test" name="clickoncheckboxbutton" time="0.113"/>
  <testcase classname="testingbaba_test.CheckBox_test" name="clickonmobilebutton" time="0.233"/>
  <testcase classname="testingbaba_test.CheckBox_test" name="clickonlaptopbutton" time="0.146"/>
  <testcase classname="testingbaba_test.CheckBox_test" name="clickondesktopbutton" time="0.181"/>
</testsuite> <!-- CheckBox_test -->
