<?xml version="1.0" encoding="UTF-8"?>
<!-- Generated by org.testng.reporters.JUnitXMLReporter -->
<testsuite ignored="0" hostname="Abhay-PC" failures="0" tests="6" name="Frames_test" time="17.236" errors="0" timestamp="2024-03-16T21:50:28 IST">
  <testcase classname="testingbaba_test.Frames_test" name="clickonclosebutton" time="0.103"/>
  <testcase classname="testingbaba_test.Frames_test" name="clickonpracticebutton" time="1.827"/>
  <testcase classname="testingbaba_test.Frames_test" name="clickonalertsframeandwindow" time="1.097"/>
  <testcase classname="testingbaba_test.Frames_test" name="clickonframesbutton" time="1.075"/>
  <testcase classname="testingbaba_test.Frames_test" name="getframetext1" time="0.093"/>
  <testcase classname="testingbaba_test.Frames_test" name="getframetext2" time="0.091"/>
</testsuite> <!-- Frames_test -->
