<?xml version="1.0" encoding="UTF-8"?>
<!-- Generated by org.testng.reporters.JUnitXMLReporter -->
<testsuite ignored="0" hostname="Abhay-PC" failures="0" tests="13" name="Links_test" time="15.716" errors="0" timestamp="2024-03-15T11:32:42 IST">
  <testcase classname="testingbaba_test.Links_test" name="clickonclosebutton" time="0.095"/>
  <testcase classname="testingbaba_test.Links_test" name="clickonpractice" time="1.979"/>
  <testcase classname="testingbaba_test.Links_test" name="clickonelement" time="1.114"/>
  <testcase classname="testingbaba_test.Links_test" name="clickonlinksbutton" time="0.153"/>
  <testcase classname="testingbaba_test.Links_test" name="clickondemopagelink" time="0.205"/>
  <testcase classname="testingbaba_test.Links_test" name="switchwindow" time="0.186"/>
  <testcase classname="testingbaba_test.Links_test" name="clickoncreatedlink" time="0.183"/>
  <testcase classname="testingbaba_test.Links_test" name="clickonnocontentlink" time="0.182"/>
  <testcase classname="testingbaba_test.Links_test" name="clickonmovedlink" time="0.164"/>
  <testcase classname="testingbaba_test.Links_test" name="clickonbadrequestlink" time="0.207"/>
  <testcase classname="testingbaba_test.Links_test" name="clickonunauthorisedlink" time="0.18"/>
  <testcase classname="testingbaba_test.Links_test" name="clickonforbiddenlink" time="0.167"/>
  <testcase classname="testingbaba_test.Links_test" name="clickonnotfoundlink" time="0.167"/>
</testsuite> <!-- Links_test -->
