<?xml version="1.0" encoding="UTF-8"?>
<!-- Generated by org.testng.reporters.JUnitXMLReporter -->
<testsuite ignored="0" hostname="Abhay-PC" failures="0" tests="13" name="Links_test" time="13.912" errors="0" timestamp="2024-03-16T21:49:14 IST">
  <testcase classname="testingbaba_test.Links_test" name="clickonclosebutton" time="0.078"/>
  <testcase classname="testingbaba_test.Links_test" name="clickonpractice" time="1.721"/>
  <testcase classname="testingbaba_test.Links_test" name="clickonelement" time="1.095"/>
  <testcase classname="testingbaba_test.Links_test" name="clickonlinksbutton" time="0.067"/>
  <testcase classname="testingbaba_test.Links_test" name="clickondemopagelink" time="0.103"/>
  <testcase classname="testingbaba_test.Links_test" name="switchwindow" time="0.116"/>
  <testcase classname="testingbaba_test.Links_test" name="clickoncreatedlink" time="0.1"/>
  <testcase classname="testingbaba_test.Links_test" name="clickonnocontentlink" time="0.117"/>
  <testcase classname="testingbaba_test.Links_test" name="clickonmovedlink" time="0.098"/>
  <testcase classname="testingbaba_test.Links_test" name="clickonbadrequestlink" time="0.095"/>
  <testcase classname="testingbaba_test.Links_test" name="clickonunauthorisedlink" time="0.113"/>
  <testcase classname="testingbaba_test.Links_test" name="clickonforbiddenlink" time="0.101"/>
  <testcase classname="testingbaba_test.Links_test" name="clickonnotfoundlink" time="0.086"/>
</testsuite> <!-- Links_test -->
