<?xml version="1.0" encoding="UTF-8"?>
<!-- Generated by org.testng.reporters.JUnitXMLReporter -->
<testsuite ignored="0" hostname="Abhay-PC" failures="0" tests="9" name="Menu_test" time="12.5" errors="0" timestamp="2024-03-15T11:35:29 IST">
  <testcase classname="testingbaba_test.Menu_test" name="clickonclosebutton" time="0.148"/>
  <testcase classname="testingbaba_test.Menu_test" name="clickonpracticebutton" time="1.626"/>
  <testcase classname="testingbaba_test.Menu_test" name="clickonwidgetsbutton" time="1.083"/>
  <testcase classname="testingbaba_test.Menu_test" name="clickonmenubutton" time="0.083"/>
  <testcase classname="testingbaba_test.Menu_test" name="mousehoveronhomebutton" time="0.144"/>
  <testcase classname="testingbaba_test.Menu_test" name="mousehoveronaboutbutton" time="0.158"/>
  <testcase classname="testingbaba_test.Menu_test" name="mousehoverandclickonservicesdropdown" time="0.314"/>
  <testcase classname="testingbaba_test.Menu_test" name="mousehoverandclickonblogdropdown" time="0.25"/>
  <testcase classname="testingbaba_test.Menu_test" name="mousehoveroncontactbutton" time="0.152"/>
</testsuite> <!-- Menu_test -->
