<?xml version="1.0" encoding="UTF-8"?>
<!-- Generated by org.testng.reporters.JUnitXMLReporter -->
<testsuite ignored="0" hostname="Abhay-PC" failures="0" tests="9" name="Menu_test" time="17.836" errors="0" timestamp="2024-03-16T21:52:24 IST">
  <testcase classname="testingbaba_test.Menu_test" name="clickonclosebutton" time="0.095"/>
  <testcase classname="testingbaba_test.Menu_test" name="clickonpracticebutton" time="1.654"/>
  <testcase classname="testingbaba_test.Menu_test" name="clickonwidgetsbutton" time="1.096"/>
  <testcase classname="testingbaba_test.Menu_test" name="clickonmenubutton" time="0.075"/>
  <testcase classname="testingbaba_test.Menu_test" name="mousehoveronhomebutton" time="0.17"/>
  <testcase classname="testingbaba_test.Menu_test" name="mousehoveronaboutbutton" time="0.151"/>
  <testcase classname="testingbaba_test.Menu_test" name="mousehoverandclickonservicesdropdown" time="0.246"/>
  <testcase classname="testingbaba_test.Menu_test" name="mousehoverandclickonblogdropdown" time="0.281"/>
  <testcase classname="testingbaba_test.Menu_test" name="mousehoveroncontactbutton" time="0.172"/>
</testsuite> <!-- Menu_test -->
