<?xml version="1.0" encoding="UTF-8"?>
<!-- Generated by org.testng.reporters.JUnitXMLReporter -->
<testsuite ignored="0" hostname="Abhay-PC" failures="0" tests="6" name="ModalDialogs_test" time="17.567" errors="0" timestamp="2024-03-16T21:50:58 IST">
  <testcase classname="testingbaba_test.ModalDialogs_test" name="clickonclosebutton" time="0.08"/>
  <testcase classname="testingbaba_test.ModalDialogs_test" name="clickonpractice" time="1.599"/>
  <testcase classname="testingbaba_test.ModalDialogs_test" name="clickonalertsframeandwindow" time="1.076"/>
  <testcase classname="testingbaba_test.ModalDialogs_test" name="clickonmodaldialogsbutton" time="0.068"/>
  <testcase classname="testingbaba_test.ModalDialogs_test" name="clickonsmallmodalbutton" time="1.211"/>
  <testcase classname="testingbaba_test.ModalDialogs_test" name="clickonlargemodalbutton" time="1.36"/>
</testsuite> <!-- ModalDialogs_test -->
