<?xml version="1.0" encoding="UTF-8"?>
<!-- Generated by org.testng.reporters.JUnitXMLReporter -->
<testsuite ignored="0" hostname="Abhay-PC" failures="0" tests="6" name="ModalDialogs_test" time="16.632" errors="0" timestamp="2024-03-15T11:33:57 IST">
  <testcase classname="testingbaba_test.ModalDialogs_test" name="clickonclosebutton" time="0.117"/>
  <testcase classname="testingbaba_test.ModalDialogs_test" name="clickonpractice" time="3.891"/>
  <testcase classname="testingbaba_test.ModalDialogs_test" name="clickonalertsframeandwindow" time="1.099"/>
  <testcase classname="testingbaba_test.ModalDialogs_test" name="clickonmodaldialogsbutton" time="0.099"/>
  <testcase classname="testingbaba_test.ModalDialogs_test" name="clickonsmallmodalbutton" time="1.266"/>
  <testcase classname="testingbaba_test.ModalDialogs_test" name="clickonlargemodalbutton" time="1.291"/>
</testsuite> <!-- ModalDialogs_test -->
