<?xml version="1.0" encoding="UTF-8"?>
<!-- Generated by org.testng.reporters.JUnitXMLReporter -->
<testsuite ignored="0" hostname="Abhay-PC" failures="0" tests="6" name="NestedFrames_test" time="21.745" errors="0" timestamp="2024-03-15T11:33:40 IST">
  <testcase classname="testingbaba_test.NestedFrames_test" name="clickonclosebutton" time="0.094"/>
  <testcase classname="testingbaba_test.NestedFrames_test" name="clickonpractice" time="3.506"/>
  <testcase classname="testingbaba_test.NestedFrames_test" name="clickonalertsframeandwindow" time="1.11"/>
  <testcase classname="testingbaba_test.NestedFrames_test" name="clickonnestedframes" time="0.14"/>
  <testcase classname="testingbaba_test.NestedFrames_test" name="clickonparentbutton" time="0.125"/>
  <testcase classname="testingbaba_test.NestedFrames_test" name="clickonchildbutton" time="0.801"/>
</testsuite> <!-- NestedFrames_test -->
