<?xml version="1.0" encoding="UTF-8"?>
<!-- Generated by org.testng.reporters.JUnitXMLReporter -->
<testsuite ignored="0" hostname="Abhay-PC" failures="0" tests="6" name="NestedFrames_test" time="12.191" errors="0" timestamp="2024-03-16T21:50:40 IST">
  <testcase classname="testingbaba_test.NestedFrames_test" name="clickonclosebutton" time="0.092"/>
  <testcase classname="testingbaba_test.NestedFrames_test" name="clickonpractice" time="1.663"/>
  <testcase classname="testingbaba_test.NestedFrames_test" name="clickonalertsframeandwindow" time="1.109"/>
  <testcase classname="testingbaba_test.NestedFrames_test" name="clickonnestedframes" time="0.073"/>
  <testcase classname="testingbaba_test.NestedFrames_test" name="clickonparentbutton" time="0.163"/>
  <testcase classname="testingbaba_test.NestedFrames_test" name="clickonchildbutton" time="0.618"/>
</testsuite> <!-- NestedFrames_test -->
