<?xml version="1.0" encoding="UTF-8"?>
<!-- Generated by org.testng.reporters.JUnitXMLReporter -->
<testsuite ignored="0" hostname="Abhay-PC" failures="0" tests="5" name="ProgressBar_test" time="15.647" errors="0" timestamp="2024-03-15T11:34:42 IST">
  <testcase classname="testingbaba_test.ProgressBar_test" name="clickonclosebutton" time="0.103"/>
  <testcase classname="testingbaba_test.ProgressBar_test" name="clickonpracticebutton" time="1.679"/>
  <testcase classname="testingbaba_test.ProgressBar_test" name="clickonwidgetsbutton" time="1.074"/>
  <testcase classname="testingbaba_test.ProgressBar_test" name="clickonprogressbarbutton" time="0.068"/>
  <testcase classname="testingbaba_test.ProgressBar_test" name="getverifyprogressbar" time="2.165"/>
</testsuite> <!-- ProgressBar_test -->
