<?xml version="1.0" encoding="UTF-8"?>
<!-- Generated by org.testng.reporters.JUnitXMLReporter -->
<testsuite ignored="0" hostname="Abhay-PC" failures="0" tests="5" name="ProgressBar_test" time="13.456" errors="0" timestamp="2024-03-16T21:51:40 IST">
  <testcase classname="testingbaba_test.ProgressBar_test" name="clickonclosebutton" time="0.104"/>
  <testcase classname="testingbaba_test.ProgressBar_test" name="clickonpracticebutton" time="1.607"/>
  <testcase classname="testingbaba_test.ProgressBar_test" name="clickonwidgetsbutton" time="1.07"/>
  <testcase classname="testingbaba_test.ProgressBar_test" name="clickonprogressbarbutton" time="0.074"/>
  <testcase classname="testingbaba_test.ProgressBar_test" name="getverifyprogressbar" time="2.215"/>
</testsuite> <!-- ProgressBar_test -->
