<?xml version="1.0" encoding="UTF-8"?>
<!-- Generated by org.testng.reporters.JUnitXMLReporter -->
<testsuite ignored="0" hostname="Abhay-PC" failures="0" tests="7" name="RadioButton_test" time="11.558" errors="0" timestamp="2024-03-16T21:48:24 IST">
  <testcase classname="testingbaba_test.RadioButton_test" name="clickonclosebutton" time="0.08"/>
  <testcase classname="testingbaba_test.RadioButton_test" name="clickonpractice" time="1.777"/>
  <testcase classname="testingbaba_test.RadioButton_test" name="clickonelement" time="0.082"/>
  <testcase classname="testingbaba_test.RadioButton_test" name="clickonradiobutton" time="0.087"/>
  <testcase classname="testingbaba_test.RadioButton_test" name="clickonyescheckbox" time="0.135"/>
  <testcase classname="testingbaba_test.RadioButton_test" name="clickonimpressivecheckbox" time="0.145"/>
  <testcase classname="testingbaba_test.RadioButton_test" name="clickonnocheckbox" time="0.111"/>
</testsuite> <!-- RadioButton_test -->
