<?xml version="1.0" encoding="UTF-8"?>
<!-- Generated by org.testng.reporters.JUnitXMLReporter -->
<testsuite ignored="0" hostname="Abhay-PC" failures="0" tests="7" name="RadioButton_test" time="16.087" errors="0" timestamp="2024-03-15T11:32:13 IST">
  <testcase classname="testingbaba_test.RadioButton_test" name="clickonclosebutton" time="0.145"/>
  <testcase classname="testingbaba_test.RadioButton_test" name="clickonpractice" time="1.876"/>
  <testcase classname="testingbaba_test.RadioButton_test" name="clickonelement" time="0.137"/>
  <testcase classname="testingbaba_test.RadioButton_test" name="clickonradiobutton" time="0.133"/>
  <testcase classname="testingbaba_test.RadioButton_test" name="clickonyescheckbox" time="0.217"/>
  <testcase classname="testingbaba_test.RadioButton_test" name="clickonimpressivecheckbox" time="0.227"/>
  <testcase classname="testingbaba_test.RadioButton_test" name="clickonnocheckbox" time="0.195"/>
</testsuite> <!-- RadioButton_test -->
