<?xml version="1.0" encoding="UTF-8"?>
<!-- Generated by org.testng.reporters.JUnitXMLReporter -->
<testsuite ignored="0" hostname="Abhay-PC" failures="0" tests="8" name="SelectMenu_test" time="12.4" errors="0" timestamp="2024-03-15T11:35:41 IST">
  <testcase classname="testingbaba_test.SelectMenu_test" name="clickonclosebutton" time="0.129"/>
  <testcase classname="testingbaba_test.SelectMenu_test" name="clickonpracticebutton" time="1.602"/>
  <testcase classname="testingbaba_test.SelectMenu_test" name="clickonwidgetsbutton" time="1.082"/>
  <testcase classname="testingbaba_test.SelectMenu_test" name="clickonselectmenu" time="0.062"/>
  <testcase classname="testingbaba_test.SelectMenu_test" name="clickonselectvaluedropdown" time="0.307"/>
  <testcase classname="testingbaba_test.SelectMenu_test" name="clickonselectonedropdown" time="0.181"/>
  <testcase classname="testingbaba_test.SelectMenu_test" name="clickonoldstyleselectmenudropdown" time="0.142"/>
  <testcase classname="testingbaba_test.SelectMenu_test" name="clickonstandardmultiselectdropdown" time="0.281"/>
</testsuite> <!-- SelectMenu_test -->
