<?xml version="1.0" encoding="UTF-8"?>
<!-- Generated by org.testng.reporters.JUnitXMLReporter -->
<testsuite ignored="0" hostname="Abhay-PC" failures="0" tests="8" name="SelectMenu_test" time="29.487" errors="0" timestamp="2024-03-16T21:52:53 IST">
  <testcase classname="testingbaba_test.SelectMenu_test" name="clickonclosebutton" time="0.082"/>
  <testcase classname="testingbaba_test.SelectMenu_test" name="clickonpracticebutton" time="1.74"/>
  <testcase classname="testingbaba_test.SelectMenu_test" name="clickonwidgetsbutton" time="1.093"/>
  <testcase classname="testingbaba_test.SelectMenu_test" name="clickonselectmenu" time="0.068"/>
  <testcase classname="testingbaba_test.SelectMenu_test" name="clickonselectvaluedropdown" time="0.307"/>
  <testcase classname="testingbaba_test.SelectMenu_test" name="clickonselectonedropdown" time="0.278"/>
  <testcase classname="testingbaba_test.SelectMenu_test" name="clickonoldstyleselectmenudropdown" time="0.198"/>
  <testcase classname="testingbaba_test.SelectMenu_test" name="clickonstandardmultiselectdropdown" time="0.358"/>
</testsuite> <!-- SelectMenu_test -->
