<?xml version="1.0" encoding="UTF-8"?>
<!-- Generated by org.testng.reporters.JUnitXMLReporter -->
<testsuite ignored="0" hostname="Abhay-PC" failures="0" tests="7" name="Tabs_test" time="13.977" errors="0" timestamp="2024-03-15T11:34:56 IST">
  <testcase classname="testingbaba_test.Tabs_test" name="clickonclosebutton" time="0.103"/>
  <testcase classname="testingbaba_test.Tabs_test" name="clickonpracticebutton" time="1.737"/>
  <testcase classname="testingbaba_test.Tabs_test" name="clickonwidgetsbutton" time="1.069"/>
  <testcase classname="testingbaba_test.Tabs_test" name="clickontabsbutton" time="0.063"/>
  <testcase classname="testingbaba_test.Tabs_test" name="clickontab1" time="0.088"/>
  <testcase classname="testingbaba_test.Tabs_test" name="clickontab2" time="1.093"/>
  <testcase classname="testingbaba_test.Tabs_test" name="clickontab3" time="1.09"/>
</testsuite> <!-- Tabs_test -->
