<?xml version="1.0" encoding="UTF-8"?>
<!-- Generated by org.testng.reporters.JUnitXMLReporter -->
<testsuite ignored="0" hostname="Abhay-PC" failures="0" tests="7" name="Tabs_test" time="13.66" errors="0" timestamp="2024-03-16T21:51:54 IST">
  <testcase classname="testingbaba_test.Tabs_test" name="clickonclosebutton" time="0.1"/>
  <testcase classname="testingbaba_test.Tabs_test" name="clickonpracticebutton" time="1.508"/>
  <testcase classname="testingbaba_test.Tabs_test" name="clickonwidgetsbutton" time="1.065"/>
  <testcase classname="testingbaba_test.Tabs_test" name="clickontabsbutton" time="0.104"/>
  <testcase classname="testingbaba_test.Tabs_test" name="clickontab1" time="0.092"/>
  <testcase classname="testingbaba_test.Tabs_test" name="clickontab2" time="1.124"/>
  <testcase classname="testingbaba_test.Tabs_test" name="clickontab3" time="1.126"/>
</testsuite> <!-- Tabs_test -->
