<?xml version="1.0" encoding="UTF-8"?>
<!-- Generated by org.testng.reporters.JUnitXMLReporter -->
<testsuite ignored="0" hostname="Abhay-PC" failures="0" tests="7" name="TextBox_test" time="12.536" errors="0" timestamp="2024-03-16T21:47:54 IST">
  <testcase classname="testingbaba_test.TextBox_test" name="clickonclosebutton" time="0.103"/>
  <testcase classname="testingbaba_test.TextBox_test" name="clickonpractice" time="1.744"/>
  <testcase classname="testingbaba_test.TextBox_test" name="clickonelement" time="0.116"/>
  <testcase classname="testingbaba_test.TextBox_test" name="clickontextbox" time="0.084"/>
  <testcase classname="testingbaba_test.TextBox_test" name="filldetailstextbox" time="1.178"/>
  <testcase classname="testingbaba_test.TextBox_test" name="getdetails" time="0.25"/>
  <testcase classname="testingbaba_test.TextBox_test" name="getverify" time="0.401"/>
</testsuite> <!-- TextBox_test -->
