<?xml version="1.0" encoding="UTF-8"?>
<!-- Generated by org.testng.reporters.JUnitXMLReporter -->
<testsuite ignored="0" hostname="Abhay-PC" failures="0" tests="7" name="TextBox_test" time="29.866" errors="0" timestamp="2024-03-15T11:31:59 IST">
  <testcase classname="testingbaba_test.TextBox_test" name="clickonclosebutton" time="0.115"/>
  <testcase classname="testingbaba_test.TextBox_test" name="clickonpractice" time="2.282"/>
  <testcase classname="testingbaba_test.TextBox_test" name="clickonelement" time="0.105"/>
  <testcase classname="testingbaba_test.TextBox_test" name="clickontextbox" time="0.121"/>
  <testcase classname="testingbaba_test.TextBox_test" name="filldetailstextbox" time="1.232"/>
  <testcase classname="testingbaba_test.TextBox_test" name="getdetails" time="0.48"/>
  <testcase classname="testingbaba_test.TextBox_test" name="getverify" time="0.515"/>
</testsuite> <!-- TextBox_test -->
