<?xml version="1.0" encoding="UTF-8"?>
<!-- Generated by org.testng.reporters.JUnitXMLReporter -->
<testsuite ignored="0" hostname="Abhay-PC" failures="0" tests="7" name="ToolTips_test" time="11.762" errors="0" timestamp="2024-03-16T21:52:06 IST">
  <testcase classname="testingbaba_test.ToolTips_test" name="clickonclosebutton" time="0.106"/>
  <testcase classname="testingbaba_test.ToolTips_test" name="clickonpracticebutton" time="1.537"/>
  <testcase classname="testingbaba_test.ToolTips_test" name="clickonwidgetsbutton" time="1.069"/>
  <testcase classname="testingbaba_test.ToolTips_test" name="clickontooltipsbutton" time="0.076"/>
  <testcase classname="testingbaba_test.ToolTips_test" name="mousehoveronhovermetoseebutton" time="0.2"/>
  <testcase classname="testingbaba_test.ToolTips_test" name="mousehoveronhovermetoseesearchbox" time="0.201"/>
  <testcase classname="testingbaba_test.ToolTips_test" name="printpagetext" time="0.039"/>
</testsuite> <!-- ToolTips_test -->
