<?xml version="1.0" encoding="UTF-8"?>
<!-- Generated by org.testng.reporters.JUnitXMLReporter -->
<testsuite ignored="0" hostname="Abhay-PC" failures="0" tests="7" name="ToolTips_test" time="20.899" errors="0" timestamp="2024-03-15T11:35:17 IST">
  <testcase classname="testingbaba_test.ToolTips_test" name="clickonclosebutton" time="0.078"/>
  <testcase classname="testingbaba_test.ToolTips_test" name="clickonpracticebutton" time="1.935"/>
  <testcase classname="testingbaba_test.ToolTips_test" name="clickonwidgetsbutton" time="1.113"/>
  <testcase classname="testingbaba_test.ToolTips_test" name="clickontooltipsbutton" time="0.068"/>
  <testcase classname="testingbaba_test.ToolTips_test" name="mousehoveronhovermetoseebutton" time="0.196"/>
  <testcase classname="testingbaba_test.ToolTips_test" name="mousehoveronhovermetoseesearchbox" time="0.174"/>
  <testcase classname="testingbaba_test.ToolTips_test" name="printpagetext" time="0.035"/>
</testsuite> <!-- ToolTips_test -->
