<?xml version="1.0" encoding="UTF-8"?>
<!-- Generated by org.testng.reporters.JUnitXMLReporter -->
<testsuite ignored="0" hostname="Abhay-PC" failures="0" tests="5" name="UploadandDownload_test" time="12.462" errors="0" timestamp="2024-03-15T11:32:47 IST">
  <testcase classname="testingbaba_test.UploadandDownload_test" name="clickonclosebutton" time="0.179"/>
  <testcase classname="testingbaba_test.UploadandDownload_test" name="clickonpractice" time="1.682"/>
  <testcase classname="testingbaba_test.UploadandDownload_test" name="clickonelement" time="0.199"/>
  <testcase classname="testingbaba_test.UploadandDownload_test" name="clickonuploadanddownloadbutton" time="0.163"/>
  <testcase classname="testingbaba_test.UploadandDownload_test" name="clickonuploadfilebutton" time="1.404"/>
</testsuite> <!-- UploadandDownload_test -->
