<?xml version="1.0" encoding="UTF-8"?>
<!-- Generated by org.testng.reporters.JUnitXMLReporter -->
<testsuite ignored="0" hostname="Abhay-PC" failures="0" tests="5" name="UploadandDownload_test" time="11.712" errors="0" timestamp="2024-03-16T21:49:25 IST">
  <testcase classname="testingbaba_test.UploadandDownload_test" name="clickonclosebutton" time="0.097"/>
  <testcase classname="testingbaba_test.UploadandDownload_test" name="clickonpractice" time="1.497"/>
  <testcase classname="testingbaba_test.UploadandDownload_test" name="clickonelement" time="0.172"/>
  <testcase classname="testingbaba_test.UploadandDownload_test" name="clickonuploadanddownloadbutton" time="0.069"/>
  <testcase classname="testingbaba_test.UploadandDownload_test" name="clickonuploadfilebutton" time="1.218"/>
</testsuite> <!-- UploadandDownload_test -->
