<?xml version="1.0" encoding="UTF-8"?>
<!-- Generated by org.testng.reporters.JUnitXMLReporter -->
<testsuite ignored="0" hostname="Abhay-PC" failures="0" tests="8" name="WebTables_test" time="21.812" errors="0" timestamp="2024-03-16T21:48:46 IST">
  <testcase classname="testingbaba_test.WebTables_test" name="clickonclosebutton" time="0.075"/>
  <testcase classname="testingbaba_test.WebTables_test" name="clickonpractice" time="1.774"/>
  <testcase classname="testingbaba_test.WebTables_test" name="clickonelement" time="0.062"/>
  <testcase classname="testingbaba_test.WebTables_test" name="clickonwebtablesbutton" time="0.213"/>
  <testcase classname="testingbaba_test.WebTables_test" name="filldetails" time="4.21"/>
  <testcase classname="testingbaba_test.WebTables_test" name="getfilldetailsverify" time="0.281"/>
  <testcase classname="testingbaba_test.WebTables_test" name="updatedetails" time="5.4"/>
  <testcase classname="testingbaba_test.WebTables_test" name="getupdatedetailsverify" time="0.273"/>
</testsuite> <!-- WebTables_test -->
