<?xml version="1.0" encoding="UTF-8"?>
<!-- Generated by org.testng.reporters.JUnitXMLReporter -->
<testsuite ignored="0" hostname="Abhay-PC" failures="0" tests="8" name="WebTables_test" time="36.032" errors="0" timestamp="2024-03-15T11:32:35 IST">
  <testcase classname="testingbaba_test.WebTables_test" name="clickonclosebutton" time="0.127"/>
  <testcase classname="testingbaba_test.WebTables_test" name="clickonpractice" time="1.603"/>
  <testcase classname="testingbaba_test.WebTables_test" name="clickonelement" time="0.109"/>
  <testcase classname="testingbaba_test.WebTables_test" name="clickonwebtablesbutton" time="0.211"/>
  <testcase classname="testingbaba_test.WebTables_test" name="filldetails" time="8.231"/>
  <testcase classname="testingbaba_test.WebTables_test" name="getfilldetailsverify" time="0.884"/>
  <testcase classname="testingbaba_test.WebTables_test" name="updatedetails" time="10.252"/>
  <testcase classname="testingbaba_test.WebTables_test" name="getupdatedetailsverify" time="0.657"/>
</testsuite> <!-- WebTables_test -->
