<?xml version="1.0" encoding="UTF-8"?>
<testng-results ignored="0" total="7" passed="7" failed="0" skipped="0">
  <reporter-output>
  </reporter-output>
  <suite started-at="2024-03-15T16:04:46 IST" name="testingbaba_test" finished-at="2024-03-15T16:05:03 IST" duration-ms="17385">
    <groups>
    </groups>
    <test started-at="2024-03-15T16:04:46 IST" name="BrowserWindow_test" finished-at="2024-03-15T16:05:03 IST" duration-ms="17385">
      <class name="testingbaba_test.BrowserWindow_test">
        <test-method is-config="true" signature="getLaunch_testingbabaUrl(java.lang.String,java.lang.String)[pri:0, instance:testingbaba_test.BrowserWindow_test@5a56cdac]" started-at="2024-03-15T16:04:46 IST" name="getLaunch_testingbabaUrl" finished-at="2024-03-15T16:04:54 IST" duration-ms="7908" status="PASS">
          <params>
            <param index="0">
              <value>
                <![CDATA[StagingUrl]]>
              </value>
            </param>
            <param index="1">
              <value>
                <![CDATA[chrome]]>
              </value>
            </param>
          </params>
          <reporter-output>
          </reporter-output>
        </test-method> <!-- getLaunch_testingbabaUrl -->
        <test-method signature="clickonclosebutton()[pri:0, instance:testingbaba_test.BrowserWindow_test@5a56cdac]" started-at="2024-03-15T16:04:54 IST" name="clickonclosebutton" finished-at="2024-03-15T16:04:54 IST" duration-ms="170" status="PASS">
          <reporter-output>
          </reporter-output>
        </test-method> <!-- clickonclosebutton -->
        <test-method is-config="true" signature="getResultAnalysis(org.testng.ITestResult)[pri:0, instance:testingbaba_test.BrowserWindow_test@5a56cdac]" started-at="2024-03-15T16:04:54 IST" name="getResultAnalysis" finished-at="2024-03-15T16:04:54 IST" duration-ms="569" status="PASS">
          <params>
            <param index="0">
              <value>
                <![CDATA[[TestResult name=clickonclosebutton status=SUCCESS method=BrowserWindow_test.clickonclosebutton()[pri:0, instance:testingbaba_test.BrowserWindow_test@5a56cdac] output={null}]]]>
              </value>
            </param>
          </params>
          <reporter-output>
          </reporter-output>
        </test-method> <!-- getResultAnalysis -->
        <test-method signature="clickonpracticebutton()[pri:1, instance:testingbaba_test.BrowserWindow_test@5a56cdac]" started-at="2024-03-15T16:04:54 IST" name="clickonpracticebutton" finished-at="2024-03-15T16:04:56 IST" duration-ms="1748" status="PASS">
          <reporter-output>
          </reporter-output>
        </test-method> <!-- clickonpracticebutton -->
        <test-method is-config="true" signature="getResultAnalysis(org.testng.ITestResult)[pri:0, instance:testingbaba_test.BrowserWindow_test@5a56cdac]" started-at="2024-03-15T16:04:56 IST" name="getResultAnalysis" finished-at="2024-03-15T16:04:56 IST" duration-ms="267" status="PASS">
          <params>
            <param index="0">
              <value>
                <![CDATA[[TestResult name=clickonpracticebutton status=SUCCESS method=BrowserWindow_test.clickonpracticebutton()[pri:1, instance:testingbaba_test.BrowserWindow_test@5a56cdac] output={null}]]]>
              </value>
            </param>
          </params>
          <reporter-output>
          </reporter-output>
        </test-method> <!-- getResultAnalysis -->
        <test-method signature="clickonalertsframeandwindow()[pri:2, instance:testingbaba_test.BrowserWindow_test@5a56cdac]" started-at="2024-03-15T16:04:56 IST" name="clickonalertsframeandwindow" finished-at="2024-03-15T16:04:57 IST" duration-ms="154" status="PASS">
          <reporter-output>
          </reporter-output>
        </test-method> <!-- clickonalertsframeandwindow -->
        <test-method is-config="true" signature="getResultAnalysis(org.testng.ITestResult)[pri:0, instance:testingbaba_test.BrowserWindow_test@5a56cdac]" started-at="2024-03-15T16:04:57 IST" name="getResultAnalysis" finished-at="2024-03-15T16:04:57 IST" duration-ms="235" status="PASS">
          <params>
            <param index="0">
              <value>
                <![CDATA[[TestResult name=clickonalertsframeandwindow status=SUCCESS method=BrowserWindow_test.clickonalertsframeandwindow()[pri:2, instance:testingbaba_test.BrowserWindow_test@5a56cdac] output={null}]]]>
              </value>
            </param>
          </params>
          <reporter-output>
          </reporter-output>
        </test-method> <!-- getResultAnalysis -->
        <test-method signature="clickonbrowserwindowsbutton()[pri:3, instance:testingbaba_test.BrowserWindow_test@5a56cdac]" started-at="2024-03-15T16:04:57 IST" name="clickonbrowserwindowsbutton" finished-at="2024-03-15T16:04:57 IST" duration-ms="166" status="PASS">
          <reporter-output>
          </reporter-output>
        </test-method> <!-- clickonbrowserwindowsbutton -->
        <test-method is-config="true" signature="getResultAnalysis(org.testng.ITestResult)[pri:0, instance:testingbaba_test.BrowserWindow_test@5a56cdac]" started-at="2024-03-15T16:04:57 IST" name="getResultAnalysis" finished-at="2024-03-15T16:04:57 IST" duration-ms="277" status="PASS">
          <params>
            <param index="0">
              <value>
                <![CDATA[[TestResult name=clickonbrowserwindowsbutton status=SUCCESS method=BrowserWindow_test.clickonbrowserwindowsbutton()[pri:3, instance:testingbaba_test.BrowserWindow_test@5a56cdac] output={null}]]]>
              </value>
            </param>
          </params>
          <reporter-output>
          </reporter-output>
        </test-method> <!-- getResultAnalysis -->
        <test-method signature="clickonnewtabbutton()[pri:4, instance:testingbaba_test.BrowserWindow_test@5a56cdac]" started-at="2024-03-15T16:04:57 IST" name="clickonnewtabbutton" finished-at="2024-03-15T16:04:59 IST" duration-ms="1872" status="PASS">
          <reporter-output>
          </reporter-output>
        </test-method> <!-- clickonnewtabbutton -->
        <test-method is-config="true" signature="getResultAnalysis(org.testng.ITestResult)[pri:0, instance:testingbaba_test.BrowserWindow_test@5a56cdac]" started-at="2024-03-15T16:04:59 IST" name="getResultAnalysis" finished-at="2024-03-15T16:04:59 IST" duration-ms="251" status="PASS">
          <params>
            <param index="0">
              <value>
                <![CDATA[[TestResult name=clickonnewtabbutton status=SUCCESS method=BrowserWindow_test.clickonnewtabbutton()[pri:4, instance:testingbaba_test.BrowserWindow_test@5a56cdac] output={null}]]]>
              </value>
            </param>
          </params>
          <reporter-output>
          </reporter-output>
        </test-method> <!-- getResultAnalysis -->
        <test-method signature="clickonnewwindowbutton()[pri:5, instance:testingbaba_test.BrowserWindow_test@5a56cdac]" started-at="2024-03-15T16:04:59 IST" name="clickonnewwindowbutton" finished-at="2024-03-15T16:05:01 IST" duration-ms="1725" status="PASS">
          <reporter-output>
          </reporter-output>
        </test-method> <!-- clickonnewwindowbutton -->
        <test-method is-config="true" signature="getResultAnalysis(org.testng.ITestResult)[pri:0, instance:testingbaba_test.BrowserWindow_test@5a56cdac]" started-at="2024-03-15T16:05:01 IST" name="getResultAnalysis" finished-at="2024-03-15T16:05:01 IST" duration-ms="176" status="PASS">
          <params>
            <param index="0">
              <value>
                <![CDATA[[TestResult name=clickonnewwindowbutton status=SUCCESS method=BrowserWindow_test.clickonnewwindowbutton()[pri:5, instance:testingbaba_test.BrowserWindow_test@5a56cdac] output={null}]]]>
              </value>
            </param>
          </params>
          <reporter-output>
          </reporter-output>
        </test-method> <!-- getResultAnalysis -->
        <test-method signature="clickonnewwindowmessagebutton()[pri:6, instance:testingbaba_test.BrowserWindow_test@5a56cdac]" started-at="2024-03-15T16:05:01 IST" name="clickonnewwindowmessagebutton" finished-at="2024-03-15T16:05:03 IST" duration-ms="1291" status="PASS">
          <reporter-output>
          </reporter-output>
        </test-method> <!-- clickonnewwindowmessagebutton -->
        <test-method is-config="true" signature="getResultAnalysis(org.testng.ITestResult)[pri:0, instance:testingbaba_test.BrowserWindow_test@5a56cdac]" started-at="2024-03-15T16:05:03 IST" name="getResultAnalysis" finished-at="2024-03-15T16:05:03 IST" duration-ms="204" status="PASS">
          <params>
            <param index="0">
              <value>
                <![CDATA[[TestResult name=clickonnewwindowmessagebutton status=SUCCESS method=BrowserWindow_test.clickonnewwindowmessagebutton()[pri:6, instance:testingbaba_test.BrowserWindow_test@5a56cdac] output={null}]]]>
              </value>
            </param>
          </params>
          <reporter-output>
          </reporter-output>
        </test-method> <!-- getResultAnalysis -->
        <test-method is-config="true" signature="teardown()[pri:0, instance:testingbaba_test.BrowserWindow_test@5a56cdac]" started-at="2024-03-15T16:05:03 IST" name="teardown" finished-at="2024-03-15T16:05:03 IST" duration-ms="268" status="PASS">
          <reporter-output>
          </reporter-output>
        </test-method> <!-- teardown -->
      </class> <!-- testingbaba_test.BrowserWindow_test -->
    </test> <!-- BrowserWindow_test -->
  </suite> <!-- testingbaba_test -->
</testng-results>
