<?xml version="1.0" encoding="UTF-8"?>
<!-- Generated by org.testng.reporters.JUnitXMLReporter -->
<testsuite ignored="0" hostname="Abhay-PC" failures="0" tests="10" name="Test" time="22.815" errors="0" timestamp="2024-02-09T12:44:12 IST">
  <testcase classname="testingbaba_test.TextBox_test" name="clickonclosebutton" time="0.08"/>
  <testcase classname="testingbaba_test.TextBox_test" name="clickonpractice" time="4.044"/>
  <testcase classname="testingbaba_test.TextBox_test" name="clickonelement" time="0.11"/>
  <testcase classname="testingbaba_test.TextBox_test" name="clickontextbox" time="0.146"/>
  <testcase classname="testingbaba_test.TextBox_test" name="filldetailsfullname" time="1.698"/>
  <testcase classname="testingbaba_test.TextBox_test" name="filldetailsemail" time="0.3"/>
  <testcase classname="testingbaba_test.TextBox_test" name="filldetailscurrentaddress" time="0.285"/>
  <testcase classname="testingbaba_test.TextBox_test" name="filldetailspermanentaddress" time="0.282"/>
  <testcase classname="testingbaba_test.TextBox_test" name="clickonsubmit" time="0.149"/>
  <testcase classname="testingbaba_test.Login_test" name="getTitle" time="0.015"/>
</testsuite> <!-- Test -->
